2026-05-10 16:35:57 [INFO] Database connection established successfully
2026-05-10 16:35:57 [INFO] Redis connection established successfully
2026-05-10 16:35:57 [INFO] Connected to Elasticsearch version: 8.13.0
2026-05-10 16:36:15 [INFO] Database connection established successfully
2026-05-10 16:36:15 [INFO] Redis connection established successfully
2026-05-10 16:36:15 [INFO] Connected to Elasticsearch version: 8.13.0
2026-05-10 16:36:15 [INFO] Database connection established successfully
2026-05-10 16:36:15 [INFO] Database connection established successfully
2026-05-10 16:36:15 [INFO] Redis connection established successfully
2026-05-10 16:36:15 [INFO] Redis connection established successfully
2026-05-10 16:36:15 [INFO] Connected to Elasticsearch version: 8.13.0
2026-05-10 16:36:15 [INFO] Connected to Elasticsearch version: 8.13.0
2026-05-10 16:36:15 [INFO] Database connection established successfully
2026-05-10 16:36:15 [INFO] Redis connection established successfully
2026-05-10 16:36:16 [INFO] Connected to Elasticsearch version: 8.13.0
2026-05-10 16:58:53 [INFO] Database connection established successfully
2026-05-10 16:58:53 [INFO] Redis connection established successfully
2026-05-10 16:58:53 [INFO] Connected to Elasticsearch version: 8.13.0
2026-05-10 16:58:54 [INFO] Database connection established successfully
2026-05-10 16:58:54 [INFO] Redis connection established successfully
2026-05-10 16:58:54 [INFO] Database connection established successfully
2026-05-10 16:58:54 [INFO] Redis connection established successfully
2026-05-10 16:58:54 [INFO] Connected to Elasticsearch version: 8.13.0
2026-05-10 16:58:54 [INFO] Database connection established successfully
2026-05-10 16:58:54 [INFO] Redis connection established successfully
2026-05-10 16:58:54 [INFO] Connected to Elasticsearch version: 8.13.0
2026-05-10 16:58:54 [INFO] Connected to Elasticsearch version: 8.13.0
2026-05-10 17:07:41 [INFO] Database connection established successfully
2026-05-10 17:07:41 [INFO] Redis connection established successfully
2026-05-10 17:07:41 [INFO] Connected to Elasticsearch version: 8.13.0
2026-05-10 17:09:17 [INFO] Database connection established successfully
2026-05-10 17:09:17 [INFO] Redis connection established successfully
2026-05-10 17:09:17 [INFO] Connected to Elasticsearch version: 8.13.0
2026-05-10 17:10:02 [INFO] Database connection established successfully
2026-05-10 17:10:02 [INFO] Redis connection established successfully
2026-05-10 17:10:02 [INFO] Connected to Elasticsearch version: 8.13.0
2026-05-10 17:10:04 [INFO] Database connection established successfully
2026-05-10 17:10:04 [INFO] Database connection established successfully
2026-05-10 17:10:04 [INFO] Redis connection established successfully
2026-05-10 17:10:04 [INFO] Redis connection established successfully
2026-05-10 17:10:04 [INFO] Database connection established successfully
2026-05-10 17:10:04 [INFO] Connected to Elasticsearch version: 8.13.0
2026-05-10 17:10:04 [INFO] Connected to Elasticsearch version: 8.13.0
2026-05-10 17:10:04 [INFO] Redis connection established successfully
2026-05-10 17:10:04 [INFO] Connected to Elasticsearch version: 8.13.0
2026-05-10 17:11:57 [INFO] Database connection established successfully
2026-05-10 17:11:57 [INFO] Redis connection established successfully
2026-05-10 17:11:57 [INFO] Connected to Elasticsearch version: 8.13.0
2026-05-10 17:11:57 [ERROR] Error in getSources: SQLSTATE[42S22]: Column not found: 1054 Unknown column 'created_at' in 'order clause'
2026-05-10 17:13:34 [INFO] Database connection established successfully
2026-05-10 17:13:34 [INFO] Redis connection established successfully
2026-05-10 17:13:34 [INFO] Connected to Elasticsearch version: 8.13.0
2026-05-10 17:14:00 [INFO] Database connection established successfully
2026-05-10 17:14:00 [INFO] Redis connection established successfully
2026-05-10 17:14:00 [INFO] Connected to Elasticsearch version: 8.13.0
2026-05-10 17:14:01 [INFO] Database connection established successfully
2026-05-10 17:14:02 [INFO] Redis connection established successfully
2026-05-10 17:14:02 [INFO] Redis connection established successfully
2026-05-10 17:14:02 [INFO] Database connection established successfully
2026-05-10 17:14:02 [INFO] Redis connection established successfully
2026-05-10 17:14:02 [INFO] Connected to Elasticsearch version: 8.13.0
2026-05-10 17:14:02 [INFO] Connected to Elasticsearch version: 8.13.0
2026-05-10 17:14:02 [INFO] Connected to Elasticsearch version: 8.13.0
2026-05-10 17:22:07 [INFO] Database connection established successfully
2026-05-10 17:22:07 [INFO] Redis connection established successfully
2026-05-10 17:22:07 [INFO] Connected to Elasticsearch version: 8.13.0
2026-05-10 17:22:07 [INFO] User 3 blocked. Reason: 
2026-05-10 17:22:07 [INFO] Database connection established successfully
2026-05-10 17:22:07 [INFO] Redis connection established successfully
2026-05-10 17:22:07 [INFO] Connected to Elasticsearch version: 8.13.0
2026-05-10 17:26:54 [INFO] Database connection established successfully
2026-05-10 17:26:54 [INFO] Redis connection established successfully
2026-05-10 17:26:55 [INFO] Connected to Elasticsearch version: 8.13.0
2026-05-10 17:26:55 [INFO] Session destroyed
2026-05-10 17:26:55 [INFO] Session timeout after 703821 seconds
2026-05-10 17:27:50 [INFO]  - Authenticate called, session_id: l51unasee5g09ka8cbcdo1578j
2026-05-10 17:27:50 [INFO] Database connection established successfully
2026-05-10 17:27:50 [INFO] Redis connection established successfully
2026-05-10 17:27:50 [INFO] Connected to Elasticsearch version: 8.13.0
2026-05-10 17:27:50 [INFO]  - Login method called

2026-05-10 17:27:50 [INFO]  - Processing login for: Масеко Звелаке

2026-05-10 17:29:18 [INFO]  - Authenticate called, session_id: l51unasee5g09ka8cbcdo1578j
2026-05-10 17:29:18 [INFO] Database connection established successfully
2026-05-10 17:29:18 [INFO] Redis connection established successfully
2026-05-10 17:29:18 [INFO] Connected to Elasticsearch version: 8.13.0
2026-05-10 17:29:18 [INFO]  - Login method called

2026-05-10 17:29:18 [INFO]  - Processing login for: Масеко Звелаке

2026-05-10 17:29:33 [INFO]  - Authenticate called, session_id: l51unasee5g09ka8cbcdo1578j
2026-05-10 17:29:33 [INFO] Database connection established successfully
2026-05-10 17:29:33 [INFO] Redis connection established successfully
2026-05-10 17:29:33 [INFO] Connected to Elasticsearch version: 8.13.0
2026-05-10 17:29:33 [INFO]  - Login method called

2026-05-10 17:29:33 [INFO]  - Processing login for: Звелаке Масеко

2026-05-10 17:43:17 [INFO] Database connection established successfully
2026-05-10 17:43:17 [INFO] Redis connection established successfully
2026-05-10 17:43:17 [INFO] Connected to Elasticsearch version: 8.13.0
2026-05-10 17:43:17 [INFO] User 3 unblocked
2026-05-10 17:43:17 [INFO] Database connection established successfully
2026-05-10 17:43:17 [INFO] Redis connection established successfully
2026-05-10 17:43:17 [INFO] Connected to Elasticsearch version: 8.13.0
2026-05-10 17:43:25 [INFO]  - Authenticate called, session_id: l51unasee5g09ka8cbcdo1578j
2026-05-10 17:43:26 [INFO] Database connection established successfully
2026-05-10 17:43:26 [INFO] Redis connection established successfully
2026-05-10 17:43:26 [INFO] Connected to Elasticsearch version: 8.13.0
2026-05-10 17:43:26 [INFO]  - Login method called

2026-05-10 17:43:26 [INFO]  - Processing login for: Звелаке Масеко

2026-05-10 17:43:28 [ERROR] Cache write error: Error while reading line from the server. [tcp://100.108.77.80:6379]
2026-05-10 17:43:31 [INFO] Database connection established successfully
2026-05-10 17:43:31 [INFO] Redis connection established successfully
2026-05-10 17:43:31 [INFO] Connected to Elasticsearch version: 8.13.0
2026-05-10 18:00:34 [INFO] Database connection established successfully
2026-05-10 18:00:34 [INFO] Redis connection established successfully
2026-05-10 18:00:34 [INFO] Connected to Elasticsearch version: 8.13.0
2026-05-10 18:00:34 [ERROR] Error in createSource: SQLSTATE[HY093]: Invalid parameter number: number of bound variables does not match number of tokens
2026-05-10 18:01:57 [INFO] Database connection established successfully
2026-05-10 18:01:57 [INFO] Redis connection established successfully
2026-05-10 18:01:58 [INFO] Connected to Elasticsearch version: 8.13.0
2026-05-10 18:01:58 [ERROR] Error in createSource: SQLSTATE[42000]: Syntax error or access violation: 1064 You have an error in your SQL syntax; check the manual that corresponds to your MariaDB server version for the right syntax to use near 'name, base_url, api_key, update_interval_minutes, is_active VALUES ('random',...' at line 1
